<?xml version='1.0' encoding='UTF-8'?>
<testsuite hostname="dariohc-PC" name="example.ListsSuite" tests="14" errors="0" failures="0" time="0.015">
                     <properties>
[...]
</properties>
                     <testcase classname="example.ListsSuite" name="one plus one is two" time="0.009">
                                                 
                                               </testcase><testcase classname="example.ListsSuite" name="one plus one is three?" time="0.003">
                                                 
                                               </testcase><testcase classname="example.ListsSuite" name="details why one plus one is not three" time="0.0">
                                                 
                                               </testcase><testcase classname="example.ListsSuite" name="intNotZero throws an exception if its argument is 0" time="0.002">
                                                 
                                               </testcase><testcase classname="example.ListsSuite" name="sum of a few numbers" time="0.001">
                                                 
                                               </testcase><testcase classname="example.ListsSuite" name="sum of negative numbers" time="0.0">
                                                 
                                               </testcase><testcase classname="example.ListsSuite" name="sum of zeros" time="0.0">
                                                 
                                               </testcase><testcase classname="example.ListsSuite" name="sum of list with repeated elements" time="0.0">
                                                 
                                               </testcase><testcase classname="example.ListsSuite" name="sum of empty list" time="0.0">
                                                 
                                               </testcase><testcase classname="example.ListsSuite" name="max of a few numbers" time="0.0">
                                                 
                                               </testcase><testcase classname="example.ListsSuite" name="max of negative numbers" time="0.0">
                                                 
                                               </testcase><testcase classname="example.ListsSuite" name="max of positives, negatives and zeros" time="0.0">
                                                 
                                               </testcase><testcase classname="example.ListsSuite" name="max of list with repeated elements" time="0.0">
                                                 
                                               </testcase><testcase classname="example.ListsSuite" name="max of empty list" time="0.0">
                                                 
                                               </testcase>
                     <system-out></system-out>
                     <system-err></system-err>
                   </testsuite>